<?xml version="1.0" encoding="UTF-8"?>
<!-- Generated by org.testng.reporters.JUnitXMLReporter -->
<testsuite hostname="DESKTOP-813B9JT" ignored="0" name="Test" tests="5" failures="0" timestamp="09 Jan 2021 21:26:31 GMT" time="157.824" errors="0">
  <testcase name="TC_001" time="84.909" classname="SDETAssignment.KhanAcademy.TC_01"/>
  <testcase name="TC_002" time="14.291" classname="SDETAssignment.KhanAcademy.TC_01"/>
  <testcase name="TC_003" time="31.534" classname="SDETAssignment.KhanAcademy.TC_01"/>
  <testcase name="TC_004" time="11.999" classname="SDETAssignment.KhanAcademy.TC_01"/>
  <testcase name="TC_005" time="9.971" classname="SDETAssignment.KhanAcademy.TC_01"/>
</testsuite> <!-- Test -->
