<?xml version="1.0" encoding="UTF-8"?>
<!-- Generated by org.testng.reporters.JUnitXMLReporter -->
<testsuite hostname="DESKTOP-813B9JT" name="Default test" tests="5" failures="0" timestamp="9 Jan 2021 19:42:19 GMT" time="142.209" errors="0">
  <testcase name="TC_001" time="68.007" classname="SDETAssignment.KhanAcademy.TC_01"/>
  <testcase name="TC_002" time="13.344" classname="SDETAssignment.KhanAcademy.TC_01"/>
  <testcase name="TC_003" time="33.61" classname="SDETAssignment.KhanAcademy.TC_01"/>
  <testcase name="TC_004" time="12.813" classname="SDETAssignment.KhanAcademy.TC_01"/>
  <testcase name="TC_005" time="9.369" classname="SDETAssignment.KhanAcademy.TC_01"/>
</testsuite> <!-- Default test -->
